<?xml version="1.0" encoding="UTF-8"?>
<testsuites>
  <testsuite name="" tests="98" assertions="198" errors="0" warnings="0" failures="0" skipped="0" time="3.153462">
    <testsuite name="Project Test Suite" tests="98" assertions="198" errors="0" warnings="0" failures="0" skipped="0" time="3.153462">
      <testsuite name="App\Tests\Card\CardHandTest" file="/home/veddan/dbwebb-kurser/mvc/me/report/tests/Card/CardHandTest.php" tests="5" assertions="7" errors="0" warnings="0" failures="0" skipped="0" time="0.016881">
        <testcase name="testAddCardAndGetCards" class="App\Tests\Card\CardHandTest" classname="App.Tests.Card.CardHandTest" file="/home/veddan/dbwebb-kurser/mvc/me/report/tests/Card/CardHandTest.php" line="17" assertions="3" time="0.013109"/>
        <testcase name="testToArray" class="App\Tests\Card\CardHandTest" classname="App.Tests.Card.CardHandTest" file="/home/veddan/dbwebb-kurser/mvc/me/report/tests/Card/CardHandTest.php" line="36" assertions="1" time="0.001769"/>
        <testcase name="testGetTotal" class="App\Tests\Card\CardHandTest" classname="App.Tests.Card.CardHandTest" file="/home/veddan/dbwebb-kurser/mvc/me/report/tests/Card/CardHandTest.php" line="48" assertions="1" time="0.000542"/>
        <testcase name="testGetTotalTwoAces" class="App\Tests\Card\CardHandTest" classname="App.Tests.Card.CardHandTest" file="/home/veddan/dbwebb-kurser/mvc/me/report/tests/Card/CardHandTest.php" line="61" assertions="1" time="0.000587"/>
        <testcase name="testGetTotalMoreAces" class="App\Tests\Card\CardHandTest" classname="App.Tests.Card.CardHandTest" file="/home/veddan/dbwebb-kurser/mvc/me/report/tests/Card/CardHandTest.php" line="73" assertions="1" time="0.000875"/>
      </testsuite>
      <testsuite name="App\Tests\Card\CardJokerTest" file="/home/veddan/dbwebb-kurser/mvc/me/report/tests/Card/CardJokerTest.php" tests="1" assertions="1" errors="0" warnings="0" failures="0" skipped="0" time="0.002498">
        <testcase name="testCreateCardJoker" class="App\Tests\Card\CardJokerTest" classname="App.Tests.Card.CardJokerTest" file="/home/veddan/dbwebb-kurser/mvc/me/report/tests/Card/CardJokerTest.php" line="16" assertions="1" time="0.002498"/>
      </testsuite>
      <testsuite name="App\Tests\Card\CardTest" file="/home/veddan/dbwebb-kurser/mvc/me/report/tests/Card/CardTest.php" tests="6" assertions="10" errors="0" warnings="0" failures="0" skipped="0" time="0.003850">
        <testcase name="testCreateCard" class="App\Tests\Card\CardTest" classname="App.Tests.Card.CardTest" file="/home/veddan/dbwebb-kurser/mvc/me/report/tests/Card/CardTest.php" line="16" assertions="1" time="0.000766"/>
        <testcase name="testGetSuire" class="App\Tests\Card\CardTest" classname="App.Tests.Card.CardTest" file="/home/veddan/dbwebb-kurser/mvc/me/report/tests/Card/CardTest.php" line="25" assertions="1" time="0.000786"/>
        <testcase name="testGetValue" class="App\Tests\Card\CardTest" classname="App.Tests.Card.CardTest" file="/home/veddan/dbwebb-kurser/mvc/me/report/tests/Card/CardTest.php" line="34" assertions="1" time="0.000611"/>
        <testcase name="testNumericValue" class="App\Tests\Card\CardTest" classname="App.Tests.Card.CardTest" file="/home/veddan/dbwebb-kurser/mvc/me/report/tests/Card/CardTest.php" line="43" assertions="5" time="0.000641"/>
        <testcase name="testToString" class="App\Tests\Card\CardTest" classname="App.Tests.Card.CardTest" file="/home/veddan/dbwebb-kurser/mvc/me/report/tests/Card/CardTest.php" line="63" assertions="1" time="0.000506"/>
        <testcase name="testToArray" class="App\Tests\Card\CardTest" classname="App.Tests.Card.CardTest" file="/home/veddan/dbwebb-kurser/mvc/me/report/tests/Card/CardTest.php" line="73" assertions="1" time="0.000539"/>
      </testsuite>
      <testsuite name="App\Tests\Card\DeckTest" file="/home/veddan/dbwebb-kurser/mvc/me/report/tests/Card/DeckTest.php" tests="8" assertions="9" errors="0" warnings="0" failures="0" skipped="0" time="0.026863">
        <testcase name="testCreateDeck" class="App\Tests\Card\DeckTest" classname="App.Tests.Card.DeckTest" file="/home/veddan/dbwebb-kurser/mvc/me/report/tests/Card/DeckTest.php" line="16" assertions="1" time="0.000544"/>
        <testcase name="testShuffle" class="App\Tests\Card\DeckTest" classname="App.Tests.Card.DeckTest" file="/home/veddan/dbwebb-kurser/mvc/me/report/tests/Card/DeckTest.php" line="25" assertions="1" time="0.018050"/>
        <testcase name="testDrawCard" class="App\Tests\Card\DeckTest" classname="App.Tests.Card.DeckTest" file="/home/veddan/dbwebb-kurser/mvc/me/report/tests/Card/DeckTest.php" line="39" assertions="1" time="0.000908"/>
        <testcase name="testDrawMoreCards" class="App\Tests\Card\DeckTest" classname="App.Tests.Card.DeckTest" file="/home/veddan/dbwebb-kurser/mvc/me/report/tests/Card/DeckTest.php" line="50" assertions="1" time="0.000749"/>
        <testcase name="testDrawMoreCardsNoCardsLeft" class="App\Tests\Card\DeckTest" classname="App.Tests.Card.DeckTest" file="/home/veddan/dbwebb-kurser/mvc/me/report/tests/Card/DeckTest.php" line="61" assertions="1" time="0.001256"/>
        <testcase name="testDrawCardIfEmpty" class="App\Tests\Card\DeckTest" classname="App.Tests.Card.DeckTest" file="/home/veddan/dbwebb-kurser/mvc/me/report/tests/Card/DeckTest.php" line="73" assertions="1" time="0.002571"/>
        <testcase name="testRemainingCards" class="App\Tests\Card\DeckTest" classname="App.Tests.Card.DeckTest" file="/home/veddan/dbwebb-kurser/mvc/me/report/tests/Card/DeckTest.php" line="84" assertions="1" time="0.000617"/>
        <testcase name="testGetCardsAsArray" class="App\Tests\Card\DeckTest" classname="App.Tests.Card.DeckTest" file="/home/veddan/dbwebb-kurser/mvc/me/report/tests/Card/DeckTest.php" line="95" assertions="2" time="0.002167"/>
      </testsuite>
      <testsuite name="App\Tests\Card\Game21Test" file="/home/veddan/dbwebb-kurser/mvc/me/report/tests/Card/Game21Test.php" tests="6" assertions="14" errors="0" warnings="0" failures="0" skipped="0" time="0.037435">
        <testcase name="testGame21Init" class="App\Tests\Card\Game21Test" classname="App.Tests.Card.Game21Test" file="/home/veddan/dbwebb-kurser/mvc/me/report/tests/Card/Game21Test.php" line="19" assertions="1" time="0.021819"/>
        <testcase name="testGetPlayerHandAndBankHand" class="App\Tests\Card\Game21Test" classname="App.Tests.Card.Game21Test" file="/home/veddan/dbwebb-kurser/mvc/me/report/tests/Card/Game21Test.php" line="38" assertions="2" time="0.000616"/>
        <testcase name="testDrawForPlayer" class="App\Tests\Card\Game21Test" classname="App.Tests.Card.Game21Test" file="/home/veddan/dbwebb-kurser/mvc/me/report/tests/Card/Game21Test.php" line="62" assertions="5" time="0.010518"/>
        <testcase name="testDrawForBankBreakIfDeckEmpty" class="App\Tests\Card\Game21Test" classname="App.Tests.Card.Game21Test" file="/home/veddan/dbwebb-kurser/mvc/me/report/tests/Card/Game21Test.php" line="92" assertions="1" time="0.000902"/>
        <testcase name="testDrawForBank" class="App\Tests\Card\Game21Test" classname="App.Tests.Card.Game21Test" file="/home/veddan/dbwebb-kurser/mvc/me/report/tests/Card/Game21Test.php" line="115" assertions="1" time="0.001550"/>
        <testcase name="testCompareResults" class="App\Tests\Card\Game21Test" classname="App.Tests.Card.Game21Test" file="/home/veddan/dbwebb-kurser/mvc/me/report/tests/Card/Game21Test.php" line="134" assertions="4" time="0.002030"/>
      </testsuite>
      <testsuite name="App\Tests\Controller\CardGameControllerJsonTest" file="/home/veddan/dbwebb-kurser/mvc/me/report/tests/Controller/CardGameControllerJsonTest.php" tests="5" assertions="8" errors="0" warnings="0" failures="0" skipped="0" time="0.770351">
        <testcase name="testGetDeck" class="App\Tests\Controller\CardGameControllerJsonTest" classname="App.Tests.Controller.CardGameControllerJsonTest" file="/home/veddan/dbwebb-kurser/mvc/me/report/tests/Controller/CardGameControllerJsonTest.php" line="17" assertions="1" time="0.636503"/>
        <testcase name="testShuffleDeck" class="App\Tests\Controller\CardGameControllerJsonTest" classname="App.Tests.Controller.CardGameControllerJsonTest" file="/home/veddan/dbwebb-kurser/mvc/me/report/tests/Controller/CardGameControllerJsonTest.php" line="30" assertions="1" time="0.017526"/>
        <testcase name="testDrawCard" class="App\Tests\Controller\CardGameControllerJsonTest" classname="App.Tests.Controller.CardGameControllerJsonTest" file="/home/veddan/dbwebb-kurser/mvc/me/report/tests/Controller/CardGameControllerJsonTest.php" line="43" assertions="1" time="0.034053"/>
        <testcase name="testDrawCards" class="App\Tests\Controller\CardGameControllerJsonTest" classname="App.Tests.Controller.CardGameControllerJsonTest" file="/home/veddan/dbwebb-kurser/mvc/me/report/tests/Controller/CardGameControllerJsonTest.php" line="57" assertions="1" time="0.033515"/>
        <testcase name="testDrawCardWhenEmptyDeck" class="App\Tests\Controller\CardGameControllerJsonTest" classname="App.Tests.Controller.CardGameControllerJsonTest" file="/home/veddan/dbwebb-kurser/mvc/me/report/tests/Controller/CardGameControllerJsonTest.php" line="70" assertions="4" time="0.048753"/>
      </testsuite>
      <testsuite name="App\Tests\Controller\CardGameControllerTest" file="/home/veddan/dbwebb-kurser/mvc/me/report/tests/Controller/CardGameControllerTest.php" tests="10" assertions="16" errors="0" warnings="0" failures="0" skipped="0" time="0.596974">
        <testcase name="testCardStart" class="App\Tests\Controller\CardGameControllerTest" classname="App.Tests.Controller.CardGameControllerTest" file="/home/veddan/dbwebb-kurser/mvc/me/report/tests/Controller/CardGameControllerTest.php" line="17" assertions="1" time="0.102221"/>
        <testcase name="testSortedDeck" class="App\Tests\Controller\CardGameControllerTest" classname="App.Tests.Controller.CardGameControllerTest" file="/home/veddan/dbwebb-kurser/mvc/me/report/tests/Controller/CardGameControllerTest.php" line="30" assertions="1" time="0.035677"/>
        <testcase name="testShuffleDeck" class="App\Tests\Controller\CardGameControllerTest" classname="App.Tests.Controller.CardGameControllerTest" file="/home/veddan/dbwebb-kurser/mvc/me/report/tests/Controller/CardGameControllerTest.php" line="43" assertions="1" time="0.036799"/>
        <testcase name="testDrawCard" class="App\Tests\Controller\CardGameControllerTest" classname="App.Tests.Controller.CardGameControllerTest" file="/home/veddan/dbwebb-kurser/mvc/me/report/tests/Controller/CardGameControllerTest.php" line="56" assertions="1" time="0.066536"/>
        <testcase name="testDrawCards" class="App\Tests\Controller\CardGameControllerTest" classname="App.Tests.Controller.CardGameControllerTest" file="/home/veddan/dbwebb-kurser/mvc/me/report/tests/Controller/CardGameControllerTest.php" line="70" assertions="1" time="0.072344"/>
        <testcase name="testEmptyDeck" class="App\Tests\Controller\CardGameControllerTest" classname="App.Tests.Controller.CardGameControllerTest" file="/home/veddan/dbwebb-kurser/mvc/me/report/tests/Controller/CardGameControllerTest.php" line="85" assertions="1" time="0.023794"/>
        <testcase name="testShowSession" class="App\Tests\Controller\CardGameControllerTest" classname="App.Tests.Controller.CardGameControllerTest" file="/home/veddan/dbwebb-kurser/mvc/me/report/tests/Controller/CardGameControllerTest.php" line="98" assertions="1" time="0.023228"/>
        <testcase name="testDeleteSession" class="App\Tests\Controller\CardGameControllerTest" classname="App.Tests.Controller.CardGameControllerTest" file="/home/veddan/dbwebb-kurser/mvc/me/report/tests/Controller/CardGameControllerTest.php" line="111" assertions="5" time="0.070145"/>
        <testcase name="testRedirectWhenDeckIsEmptyDrawCard" class="App\Tests\Controller\CardGameControllerTest" classname="App.Tests.Controller.CardGameControllerTest" file="/home/veddan/dbwebb-kurser/mvc/me/report/tests/Controller/CardGameControllerTest.php" line="131" assertions="2" time="0.077665"/>
        <testcase name="testRedirectWhenDeckIsEmptyDrawCards" class="App\Tests\Controller\CardGameControllerTest" classname="App.Tests.Controller.CardGameControllerTest" file="/home/veddan/dbwebb-kurser/mvc/me/report/tests/Controller/CardGameControllerTest.php" line="153" assertions="2" time="0.088565"/>
      </testsuite>
      <testsuite name="App\Tests\Controller\DiceGameControllerTest" file="/home/veddan/dbwebb-kurser/mvc/me/report/tests/Controller/DiceGameControllerTest.php" tests="8" assertions="17" errors="0" warnings="0" failures="0" skipped="0" time="0.235991">
        <testcase name="testHomePage" class="App\Tests\Controller\DiceGameControllerTest" classname="App.Tests.Controller.DiceGameControllerTest" file="/home/veddan/dbwebb-kurser/mvc/me/report/tests/Controller/DiceGameControllerTest.php" line="16" assertions="3" time="0.024103"/>
        <testcase name="testTestRollDice" class="App\Tests\Controller\DiceGameControllerTest" classname="App.Tests.Controller.DiceGameControllerTest" file="/home/veddan/dbwebb-kurser/mvc/me/report/tests/Controller/DiceGameControllerTest.php" line="28" assertions="3" time="0.025054"/>
        <testcase name="testRollDices" class="App\Tests\Controller\DiceGameControllerTest" classname="App.Tests.Controller.DiceGameControllerTest" file="/home/veddan/dbwebb-kurser/mvc/me/report/tests/Controller/DiceGameControllerTest.php" line="41" assertions="2" time="0.031548"/>
        <testcase name="testRollDiceHand" class="App\Tests\Controller\DiceGameControllerTest" classname="App.Tests.Controller.DiceGameControllerTest" file="/home/veddan/dbwebb-kurser/mvc/me/report/tests/Controller/DiceGameControllerTest.php" line="53" assertions="2" time="0.043202"/>
        <testcase name="testInit" class="App\Tests\Controller\DiceGameControllerTest" classname="App.Tests.Controller.DiceGameControllerTest" file="/home/veddan/dbwebb-kurser/mvc/me/report/tests/Controller/DiceGameControllerTest.php" line="66" assertions="2" time="0.020195"/>
        <testcase name="testInitPost" class="App\Tests\Controller\DiceGameControllerTest" classname="App.Tests.Controller.DiceGameControllerTest" file="/home/veddan/dbwebb-kurser/mvc/me/report/tests/Controller/DiceGameControllerTest.php" line="79" assertions="1" time="0.068766"/>
        <testcase name="testRollDicesThrowsExceptionWhenTooMany" class="App\Tests\Controller\DiceGameControllerTest" classname="App.Tests.Controller.DiceGameControllerTest" file="/home/veddan/dbwebb-kurser/mvc/me/report/tests/Controller/DiceGameControllerTest.php" line="96" assertions="2" time="0.011800"/>
        <testcase name="testRollDiceHandThrowsExceptionWhenTooMany" class="App\Tests\Controller\DiceGameControllerTest" classname="App.Tests.Controller.DiceGameControllerTest" file="/home/veddan/dbwebb-kurser/mvc/me/report/tests/Controller/DiceGameControllerTest.php" line="110" assertions="2" time="0.011322"/>
      </testsuite>
      <testsuite name="App\Tests\Controller\Game21ControllerJsonTest" file="/home/veddan/dbwebb-kurser/mvc/me/report/tests/Controller/Game21ControllerJsonTest.php" tests="2" assertions="12" errors="0" warnings="0" failures="0" skipped="0" time="0.070258">
        <testcase name="testNoGameInSession" class="App\Tests\Controller\Game21ControllerJsonTest" classname="App.Tests.Controller.Game21ControllerJsonTest" file="/home/veddan/dbwebb-kurser/mvc/me/report/tests/Controller/Game21ControllerJsonTest.php" line="15" assertions="5" time="0.018391"/>
        <testcase name="testGame21" class="App\Tests\Controller\Game21ControllerJsonTest" classname="App.Tests.Controller.Game21ControllerJsonTest" file="/home/veddan/dbwebb-kurser/mvc/me/report/tests/Controller/Game21ControllerJsonTest.php" line="35" assertions="7" time="0.051868"/>
      </testsuite>
      <testsuite name="App\Tests\Controller\Game21ControllerTest" file="/home/veddan/dbwebb-kurser/mvc/me/report/tests/Controller/Game21ControllerTest.php" tests="4" assertions="11" errors="0" warnings="0" failures="0" skipped="0" time="0.131093">
        <testcase name="testLandingPage" class="App\Tests\Controller\Game21ControllerTest" classname="App.Tests.Controller.Game21ControllerTest" file="/home/veddan/dbwebb-kurser/mvc/me/report/tests/Controller/Game21ControllerTest.php" line="18" assertions="3" time="0.024864"/>
        <testcase name="testDocumentationPage" class="App\Tests\Controller\Game21ControllerTest" classname="App.Tests.Controller.Game21ControllerTest" file="/home/veddan/dbwebb-kurser/mvc/me/report/tests/Controller/Game21ControllerTest.php" line="30" assertions="3" time="0.020887"/>
        <testcase name="testPlayGame" class="App\Tests\Controller\Game21ControllerTest" classname="App.Tests.Controller.Game21ControllerTest" file="/home/veddan/dbwebb-kurser/mvc/me/report/tests/Controller/Game21ControllerTest.php" line="43" assertions="1" time="0.026111"/>
        <testcase name="testRestartGame" class="App\Tests\Controller\Game21ControllerTest" classname="App.Tests.Controller.Game21ControllerTest" file="/home/veddan/dbwebb-kurser/mvc/me/report/tests/Controller/Game21ControllerTest.php" line="54" assertions="4" time="0.059230"/>
      </testsuite>
      <testsuite name="App\Tests\Controller\LibraryControllerJsonTest" file="/home/veddan/dbwebb-kurser/mvc/me/report/tests/Controller/LibraryControllerJsonTest.php" tests="3" assertions="8" errors="0" warnings="0" failures="0" skipped="0" time="0.410714">
        <testcase name="testApiShowLibrary" class="App\Tests\Controller\LibraryControllerJsonTest" classname="App.Tests.Controller.LibraryControllerJsonTest" file="/home/veddan/dbwebb-kurser/mvc/me/report/tests/Controller/LibraryControllerJsonTest.php" line="15" assertions="2" time="0.152139"/>
        <testcase name="testApiShowBookIsbn" class="App\Tests\Controller\LibraryControllerJsonTest" classname="App.Tests.Controller.LibraryControllerJsonTest" file="/home/veddan/dbwebb-kurser/mvc/me/report/tests/Controller/LibraryControllerJsonTest.php" line="27" assertions="5" time="0.019349"/>
        <testcase name="testApiShowBookIsbnInvalid" class="App\Tests\Controller\LibraryControllerJsonTest" classname="App.Tests.Controller.LibraryControllerJsonTest" file="/home/veddan/dbwebb-kurser/mvc/me/report/tests/Controller/LibraryControllerJsonTest.php" line="49" assertions="1" time="0.239226"/>
      </testsuite>
      <testsuite name="App\Tests\Controller\LibraryControllerTest" file="/home/veddan/dbwebb-kurser/mvc/me/report/tests/Controller/LibraryControllerTest.php" tests="7" assertions="13" errors="0" warnings="0" failures="0" skipped="0" time="0.383902">
        <testcase name="testIndexPage" class="App\Tests\Controller\LibraryControllerTest" classname="App.Tests.Controller.LibraryControllerTest" file="/home/veddan/dbwebb-kurser/mvc/me/report/tests/Controller/LibraryControllerTest.php" line="37" assertions="3" time="0.031281"/>
        <testcase name="testCreateBookForm" class="App\Tests\Controller\LibraryControllerTest" classname="App.Tests.Controller.LibraryControllerTest" file="/home/veddan/dbwebb-kurser/mvc/me/report/tests/Controller/LibraryControllerTest.php" line="49" assertions="2" time="0.031384"/>
        <testcase name="testViewBookById" class="App\Tests\Controller\LibraryControllerTest" classname="App.Tests.Controller.LibraryControllerTest" file="/home/veddan/dbwebb-kurser/mvc/me/report/tests/Controller/LibraryControllerTest.php" line="58" assertions="3" time="0.027303"/>
        <testcase name="testViewLibrary" class="App\Tests\Controller\LibraryControllerTest" classname="App.Tests.Controller.LibraryControllerTest" file="/home/veddan/dbwebb-kurser/mvc/me/report/tests/Controller/LibraryControllerTest.php" line="67" assertions="1" time="0.025168"/>
        <testcase name="testUpdateBook" class="App\Tests\Controller\LibraryControllerTest" classname="App.Tests.Controller.LibraryControllerTest" file="/home/veddan/dbwebb-kurser/mvc/me/report/tests/Controller/LibraryControllerTest.php" line="78" assertions="2" time="0.027548"/>
        <testcase name="testDeleteBook" class="App\Tests\Controller\LibraryControllerTest" classname="App.Tests.Controller.LibraryControllerTest" file="/home/veddan/dbwebb-kurser/mvc/me/report/tests/Controller/LibraryControllerTest.php" line="89" assertions="1" time="0.024479"/>
        <testcase name="testGetBookNotFound" class="App\Tests\Controller\LibraryControllerTest" classname="App.Tests.Controller.LibraryControllerTest" file="/home/veddan/dbwebb-kurser/mvc/me/report/tests/Controller/LibraryControllerTest.php" line="100" assertions="1" time="0.216739"/>
      </testsuite>
      <testsuite name="App\Tests\Controller\LuckyControllerJsonTest" file="/home/veddan/dbwebb-kurser/mvc/me/report/tests/Controller/LuckyControllerJsonTest.php" tests="1" assertions="8" errors="0" warnings="0" failures="0" skipped="0" time="0.015074">
        <testcase name="testJsonLuckyNumber" class="App\Tests\Controller\LuckyControllerJsonTest" classname="App.Tests.Controller.LuckyControllerJsonTest" file="/home/veddan/dbwebb-kurser/mvc/me/report/tests/Controller/LuckyControllerJsonTest.php" line="17" assertions="8" time="0.015074"/>
      </testsuite>
      <testsuite name="App\Tests\Controller\LuckyControllerTest" file="/home/veddan/dbwebb-kurser/mvc/me/report/tests/Controller/LuckyControllerTest.php" tests="2" assertions="6" errors="0" warnings="0" failures="0" skipped="0" time="0.024843">
        <testcase name="testLuckyNumber" class="App\Tests\Controller\LuckyControllerTest" classname="App.Tests.Controller.LuckyControllerTest" file="/home/veddan/dbwebb-kurser/mvc/me/report/tests/Controller/LuckyControllerTest.php" line="15" assertions="3" time="0.013078"/>
        <testcase name="testLuckyHello" class="App\Tests\Controller\LuckyControllerTest" classname="App.Tests.Controller.LuckyControllerTest" file="/home/veddan/dbwebb-kurser/mvc/me/report/tests/Controller/LuckyControllerTest.php" line="27" assertions="3" time="0.011765"/>
      </testsuite>
      <testsuite name="App\Tests\Controller\LuckyControllerTwigTest" file="/home/veddan/dbwebb-kurser/mvc/me/report/tests/Controller/LuckyControllerTwigTest.php" tests="9" assertions="15" errors="0" warnings="0" failures="0" skipped="0" time="0.256495">
        <testcase name="testLuckyTwig" class="App\Tests\Controller\LuckyControllerTwigTest" classname="App.Tests.Controller.LuckyControllerTwigTest" file="/home/veddan/dbwebb-kurser/mvc/me/report/tests/Controller/LuckyControllerTwigTest.php" line="17" assertions="2" time="0.030675"/>
        <testcase name="testHome" class="App\Tests\Controller\LuckyControllerTwigTest" classname="App.Tests.Controller.LuckyControllerTwigTest" file="/home/veddan/dbwebb-kurser/mvc/me/report/tests/Controller/LuckyControllerTwigTest.php" line="31" assertions="2" time="0.022256"/>
        <testcase name="testAbout" class="App\Tests\Controller\LuckyControllerTwigTest" classname="App.Tests.Controller.LuckyControllerTwigTest" file="/home/veddan/dbwebb-kurser/mvc/me/report/tests/Controller/LuckyControllerTwigTest.php" line="45" assertions="2" time="0.022195"/>
        <testcase name="testReport" class="App\Tests\Controller\LuckyControllerTwigTest" classname="App.Tests.Controller.LuckyControllerTwigTest" file="/home/veddan/dbwebb-kurser/mvc/me/report/tests/Controller/LuckyControllerTwigTest.php" line="59" assertions="2" time="0.032852"/>
        <testcase name="testApi" class="App\Tests\Controller\LuckyControllerTwigTest" classname="App.Tests.Controller.LuckyControllerTwigTest" file="/home/veddan/dbwebb-kurser/mvc/me/report/tests/Controller/LuckyControllerTwigTest.php" line="73" assertions="2" time="0.036476"/>
        <testcase name="testCard" class="App\Tests\Controller\LuckyControllerTwigTest" classname="App.Tests.Controller.LuckyControllerTwigTest" file="/home/veddan/dbwebb-kurser/mvc/me/report/tests/Controller/LuckyControllerTwigTest.php" line="87" assertions="1" time="0.019819"/>
        <testcase name="testGame" class="App\Tests\Controller\LuckyControllerTwigTest" classname="App.Tests.Controller.LuckyControllerTwigTest" file="/home/veddan/dbwebb-kurser/mvc/me/report/tests/Controller/LuckyControllerTwigTest.php" line="100" assertions="1" time="0.032333"/>
        <testcase name="testLibrary" class="App\Tests\Controller\LuckyControllerTwigTest" classname="App.Tests.Controller.LuckyControllerTwigTest" file="/home/veddan/dbwebb-kurser/mvc/me/report/tests/Controller/LuckyControllerTwigTest.php" line="113" assertions="1" time="0.026779"/>
        <testcase name="testMetrics" class="App\Tests\Controller\LuckyControllerTwigTest" classname="App.Tests.Controller.LuckyControllerTwigTest" file="/home/veddan/dbwebb-kurser/mvc/me/report/tests/Controller/LuckyControllerTwigTest.php" line="126" assertions="2" time="0.033110"/>
      </testsuite>
      <testsuite name="App\Tests\Controller\ProductControllerTest" file="/home/veddan/dbwebb-kurser/mvc/me/report/tests/Controller/ProductControllerTest.php" tests="5" assertions="7" errors="0" warnings="0" failures="0" skipped="0" time="0.142095">
        <testcase name="testIndexPage" class="App\Tests\Controller\ProductControllerTest" classname="App.Tests.Controller.ProductControllerTest" file="/home/veddan/dbwebb-kurser/mvc/me/report/tests/Controller/ProductControllerTest.php" line="15" assertions="1" time="0.022915"/>
        <testcase name="testCreateProduct" class="App\Tests\Controller\ProductControllerTest" classname="App.Tests.Controller.ProductControllerTest" file="/home/veddan/dbwebb-kurser/mvc/me/report/tests/Controller/ProductControllerTest.php" line="27" assertions="3" time="0.040917"/>
        <testcase name="testShowAllProduct" class="App\Tests\Controller\ProductControllerTest" classname="App.Tests.Controller.ProductControllerTest" file="/home/veddan/dbwebb-kurser/mvc/me/report/tests/Controller/ProductControllerTest.php" line="44" assertions="1" time="0.029869"/>
        <testcase name="testShowProductById" class="App\Tests\Controller\ProductControllerTest" classname="App.Tests.Controller.ProductControllerTest" file="/home/veddan/dbwebb-kurser/mvc/me/report/tests/Controller/ProductControllerTest.php" line="56" assertions="1" time="0.014977"/>
        <testcase name="testViewAllProduct" class="App\Tests\Controller\ProductControllerTest" classname="App.Tests.Controller.ProductControllerTest" file="/home/veddan/dbwebb-kurser/mvc/me/report/tests/Controller/ProductControllerTest.php" line="71" assertions="1" time="0.033418"/>
      </testsuite>
      <testsuite name="App\Tests\Controller\QuoteControllerJsonTest" file="/home/veddan/dbwebb-kurser/mvc/me/report/tests/Controller/QuoteControllerJsonTest.php" tests="1" assertions="4" errors="0" warnings="0" failures="0" skipped="0" time="0.012369">
        <testcase name="testJsonQuote" class="App\Tests\Controller\QuoteControllerJsonTest" classname="App.Tests.Controller.QuoteControllerJsonTest" file="/home/veddan/dbwebb-kurser/mvc/me/report/tests/Controller/QuoteControllerJsonTest.php" line="17" assertions="4" time="0.012369"/>
      </testsuite>
      <testsuite name="App\Tests\Dice\DiceGraphicTest" file="/home/veddan/dbwebb-kurser/mvc/me/report/tests/Dice/DiceGraphicTest.php" tests="2" assertions="2" errors="0" warnings="0" failures="0" skipped="0" time="0.002952">
        <testcase name="testInheritanceFromDice" class="App\Tests\Dice\DiceGraphicTest" classname="App.Tests.Dice.DiceGraphicTest" file="/home/veddan/dbwebb-kurser/mvc/me/report/tests/Dice/DiceGraphicTest.php" line="17" assertions="1" time="0.000653"/>
        <testcase name="testGetAsString" class="App\Tests\Dice\DiceGraphicTest" classname="App.Tests.Dice.DiceGraphicTest" file="/home/veddan/dbwebb-kurser/mvc/me/report/tests/Dice/DiceGraphicTest.php" line="27" assertions="1" time="0.002299"/>
      </testsuite>
      <testsuite name="App\Tests\Dice\DiceHandTest" file="/home/veddan/dbwebb-kurser/mvc/me/report/tests/Dice/DiceHandTest.php" tests="3" assertions="13" errors="0" warnings="0" failures="0" skipped="0" time="0.005000">
        <testcase name="testAddAndGetNumberDices" class="App\Tests\Dice\DiceHandTest" classname="App.Tests.Dice.DiceHandTest" file="/home/veddan/dbwebb-kurser/mvc/me/report/tests/Dice/DiceHandTest.php" line="18" assertions="1" time="0.000746"/>
        <testcase name="testRollAndGetValues" class="App\Tests\Dice\DiceHandTest" classname="App.Tests.Dice.DiceHandTest" file="/home/veddan/dbwebb-kurser/mvc/me/report/tests/Dice/DiceHandTest.php" line="30" assertions="9" time="0.003526"/>
        <testcase name="testGetString" class="App\Tests\Dice\DiceHandTest" classname="App.Tests.Dice.DiceHandTest" file="/home/veddan/dbwebb-kurser/mvc/me/report/tests/Dice/DiceHandTest.php" line="52" assertions="3" time="0.000728"/>
      </testsuite>
      <testsuite name="App\Dice\DiceTest" file="/home/veddan/dbwebb-kurser/mvc/me/report/tests/Dice/DiceTest.php" tests="4" assertions="7" errors="0" warnings="0" failures="0" skipped="0" time="0.002720">
        <testcase name="testCreateDice" class="App\Dice\DiceTest" classname="App.Dice.DiceTest" file="/home/veddan/dbwebb-kurser/mvc/me/report/tests/Dice/DiceTest.php" line="16" assertions="2" time="0.000550"/>
        <testcase name="testRollDice" class="App\Dice\DiceTest" classname="App.Dice.DiceTest" file="/home/veddan/dbwebb-kurser/mvc/me/report/tests/Dice/DiceTest.php" line="28" assertions="2" time="0.000681"/>
        <testcase name="testGetValueAfterRoll" class="App\Dice\DiceTest" classname="App.Dice.DiceTest" file="/home/veddan/dbwebb-kurser/mvc/me/report/tests/Dice/DiceTest.php" line="41" assertions="1" time="0.000974"/>
        <testcase name="testGetValueThrowsException" class="App\Dice\DiceTest" classname="App.Dice.DiceTest" file="/home/veddan/dbwebb-kurser/mvc/me/report/tests/Dice/DiceTest.php" line="51" assertions="2" time="0.000516"/>
      </testsuite>
      <testsuite name="App\Tests\Entity\LibraryTest" file="/home/veddan/dbwebb-kurser/mvc/me/report/tests/Entity/LibraryTest.php" tests="1" assertions="5" errors="0" warnings="0" failures="0" skipped="0" time="0.000672">
        <testcase name="testLibraryEntity" class="App\Tests\Entity\LibraryTest" classname="App.Tests.Entity.LibraryTest" file="/home/veddan/dbwebb-kurser/mvc/me/report/tests/Entity/LibraryTest.php" line="17" assertions="5" time="0.000672"/>
      </testsuite>
      <testsuite name="App\Tests\Entity\ProductTest" file="/home/veddan/dbwebb-kurser/mvc/me/report/tests/Entity/ProductTest.php" tests="3" assertions="3" errors="0" warnings="0" failures="0" skipped="0" time="0.001262">
        <testcase name="testSetNameAndGetName" class="App\Tests\Entity\ProductTest" classname="App.Tests.Entity.ProductTest" file="/home/veddan/dbwebb-kurser/mvc/me/report/tests/Entity/ProductTest.php" line="17" assertions="1" time="0.000414"/>
        <testcase name="testSetValueAndGetValue" class="App\Tests\Entity\ProductTest" classname="App.Tests.Entity.ProductTest" file="/home/veddan/dbwebb-kurser/mvc/me/report/tests/Entity/ProductTest.php" line="28" assertions="1" time="0.000405"/>
        <testcase name="testInitialIdIsNull" class="App\Tests\Entity\ProductTest" classname="App.Tests.Entity.ProductTest" file="/home/veddan/dbwebb-kurser/mvc/me/report/tests/Entity/ProductTest.php" line="39" assertions="1" time="0.000443"/>
      </testsuite>
      <testsuite name="App\Tests\Repository\LibraryRepositoryTest" file="/home/veddan/dbwebb-kurser/mvc/me/report/tests/Repository/LibraryRepositoryTest.php" tests="1" assertions="1" errors="0" warnings="0" failures="0" skipped="0" time="0.002560">
        <testcase name="testConstructLibraryRepository" class="App\Tests\Repository\LibraryRepositoryTest" classname="App.Tests.Repository.LibraryRepositoryTest" file="/home/veddan/dbwebb-kurser/mvc/me/report/tests/Repository/LibraryRepositoryTest.php" line="18" assertions="1" time="0.002560"/>
      </testsuite>
      <testsuite name="App\Tests\Repository\ProductRepositoryTest" file="/home/veddan/dbwebb-kurser/mvc/me/report/tests/Repository/ProductRepositoryTest.php" tests="1" assertions="1" errors="0" warnings="0" failures="0" skipped="0" time="0.000612">
        <testcase name="testConstructProductRepository" class="App\Tests\Repository\ProductRepositoryTest" classname="App.Tests.Repository.ProductRepositoryTest" file="/home/veddan/dbwebb-kurser/mvc/me/report/tests/Repository/ProductRepositoryTest.php" line="18" assertions="1" time="0.000612"/>
      </testsuite>
    </testsuite>
  </testsuite>
</testsuites>
