<?xml version="1.0" encoding="UTF-8"?>
<testsuites>
  <testsuite name="" tests="41" assertions="73" errors="0" warnings="0" failures="0" skipped="0" time="0.099882">
    <testsuite name="Project Test Suite" tests="41" assertions="73" errors="0" warnings="0" failures="0" skipped="0" time="0.099882">
      <testsuite name="App\Tests\Card\CardHandTest" file="/home/veddan/dbwebb-kurser/mvc/me/report/tests/Card/CardHandTest.php" tests="5" assertions="7" errors="0" warnings="0" failures="0" skipped="0" time="0.012455">
        <testcase name="testAddCardAndGetCards" class="App\Tests\Card\CardHandTest" classname="App.Tests.Card.CardHandTest" file="/home/veddan/dbwebb-kurser/mvc/me/report/tests/Card/CardHandTest.php" line="17" assertions="3" time="0.009608"/>
        <testcase name="testToArray" class="App\Tests\Card\CardHandTest" classname="App.Tests.Card.CardHandTest" file="/home/veddan/dbwebb-kurser/mvc/me/report/tests/Card/CardHandTest.php" line="36" assertions="1" time="0.001326"/>
        <testcase name="testGetTotal" class="App\Tests\Card\CardHandTest" classname="App.Tests.Card.CardHandTest" file="/home/veddan/dbwebb-kurser/mvc/me/report/tests/Card/CardHandTest.php" line="48" assertions="1" time="0.000370"/>
        <testcase name="testGetTotalTwoAces" class="App\Tests\Card\CardHandTest" classname="App.Tests.Card.CardHandTest" file="/home/veddan/dbwebb-kurser/mvc/me/report/tests/Card/CardHandTest.php" line="61" assertions="1" time="0.000619"/>
        <testcase name="testGetTotalMoreAces" class="App\Tests\Card\CardHandTest" classname="App.Tests.Card.CardHandTest" file="/home/veddan/dbwebb-kurser/mvc/me/report/tests/Card/CardHandTest.php" line="73" assertions="1" time="0.000532"/>
      </testsuite>
      <testsuite name="App\Tests\Card\CardJokerTest" file="/home/veddan/dbwebb-kurser/mvc/me/report/tests/Card/CardJokerTest.php" tests="1" assertions="1" errors="0" warnings="0" failures="0" skipped="0" time="0.001826">
        <testcase name="testCreateCardJoker" class="App\Tests\Card\CardJokerTest" classname="App.Tests.Card.CardJokerTest" file="/home/veddan/dbwebb-kurser/mvc/me/report/tests/Card/CardJokerTest.php" line="16" assertions="1" time="0.001826"/>
      </testsuite>
      <testsuite name="App\Tests\Card\CardTest" file="/home/veddan/dbwebb-kurser/mvc/me/report/tests/Card/CardTest.php" tests="6" assertions="10" errors="0" warnings="0" failures="0" skipped="0" time="0.002967">
        <testcase name="testCreateCard" class="App\Tests\Card\CardTest" classname="App.Tests.Card.CardTest" file="/home/veddan/dbwebb-kurser/mvc/me/report/tests/Card/CardTest.php" line="16" assertions="1" time="0.000720"/>
        <testcase name="testGetSuire" class="App\Tests\Card\CardTest" classname="App.Tests.Card.CardTest" file="/home/veddan/dbwebb-kurser/mvc/me/report/tests/Card/CardTest.php" line="25" assertions="1" time="0.000580"/>
        <testcase name="testGetValue" class="App\Tests\Card\CardTest" classname="App.Tests.Card.CardTest" file="/home/veddan/dbwebb-kurser/mvc/me/report/tests/Card/CardTest.php" line="34" assertions="1" time="0.000482"/>
        <testcase name="testNumericValue" class="App\Tests\Card\CardTest" classname="App.Tests.Card.CardTest" file="/home/veddan/dbwebb-kurser/mvc/me/report/tests/Card/CardTest.php" line="43" assertions="5" time="0.000436"/>
        <testcase name="testToString" class="App\Tests\Card\CardTest" classname="App.Tests.Card.CardTest" file="/home/veddan/dbwebb-kurser/mvc/me/report/tests/Card/CardTest.php" line="63" assertions="1" time="0.000382"/>
        <testcase name="testToArray" class="App\Tests\Card\CardTest" classname="App.Tests.Card.CardTest" file="/home/veddan/dbwebb-kurser/mvc/me/report/tests/Card/CardTest.php" line="73" assertions="1" time="0.000367"/>
      </testsuite>
      <testsuite name="App\Tests\Card\DeckTest" file="/home/veddan/dbwebb-kurser/mvc/me/report/tests/Card/DeckTest.php" tests="8" assertions="9" errors="0" warnings="0" failures="0" skipped="0" time="0.023711">
        <testcase name="testCreateDeck" class="App\Tests\Card\DeckTest" classname="App.Tests.Card.DeckTest" file="/home/veddan/dbwebb-kurser/mvc/me/report/tests/Card/DeckTest.php" line="16" assertions="1" time="0.000408"/>
        <testcase name="testShuffle" class="App\Tests\Card\DeckTest" classname="App.Tests.Card.DeckTest" file="/home/veddan/dbwebb-kurser/mvc/me/report/tests/Card/DeckTest.php" line="25" assertions="1" time="0.013587"/>
        <testcase name="testDrawCard" class="App\Tests\Card\DeckTest" classname="App.Tests.Card.DeckTest" file="/home/veddan/dbwebb-kurser/mvc/me/report/tests/Card/DeckTest.php" line="39" assertions="1" time="0.001120"/>
        <testcase name="testDrawMoreCards" class="App\Tests\Card\DeckTest" classname="App.Tests.Card.DeckTest" file="/home/veddan/dbwebb-kurser/mvc/me/report/tests/Card/DeckTest.php" line="50" assertions="1" time="0.000825"/>
        <testcase name="testDrawMoreCardsNoCardsLeft" class="App\Tests\Card\DeckTest" classname="App.Tests.Card.DeckTest" file="/home/veddan/dbwebb-kurser/mvc/me/report/tests/Card/DeckTest.php" line="61" assertions="1" time="0.001726"/>
        <testcase name="testDrawCardIfEmpty" class="App\Tests\Card\DeckTest" classname="App.Tests.Card.DeckTest" file="/home/veddan/dbwebb-kurser/mvc/me/report/tests/Card/DeckTest.php" line="73" assertions="1" time="0.002495"/>
        <testcase name="testRemainingCards" class="App\Tests\Card\DeckTest" classname="App.Tests.Card.DeckTest" file="/home/veddan/dbwebb-kurser/mvc/me/report/tests/Card/DeckTest.php" line="84" assertions="1" time="0.001030"/>
        <testcase name="testGetCardsAsArray" class="App\Tests\Card\DeckTest" classname="App.Tests.Card.DeckTest" file="/home/veddan/dbwebb-kurser/mvc/me/report/tests/Card/DeckTest.php" line="95" assertions="2" time="0.002521"/>
      </testsuite>
      <testsuite name="App\Tests\Card\Game21Test" file="/home/veddan/dbwebb-kurser/mvc/me/report/tests/Card/Game21Test.php" tests="6" assertions="14" errors="0" warnings="0" failures="0" skipped="0" time="0.035348">
        <testcase name="testGame21Init" class="App\Tests\Card\Game21Test" classname="App.Tests.Card.Game21Test" file="/home/veddan/dbwebb-kurser/mvc/me/report/tests/Card/Game21Test.php" line="19" assertions="1" time="0.022690"/>
        <testcase name="testGetPlayerHandAndBankHand" class="App\Tests\Card\Game21Test" classname="App.Tests.Card.Game21Test" file="/home/veddan/dbwebb-kurser/mvc/me/report/tests/Card/Game21Test.php" line="38" assertions="2" time="0.000604"/>
        <testcase name="testDrawForPlayer" class="App\Tests\Card\Game21Test" classname="App.Tests.Card.Game21Test" file="/home/veddan/dbwebb-kurser/mvc/me/report/tests/Card/Game21Test.php" line="62" assertions="5" time="0.008298"/>
        <testcase name="testDrawForBankBreakIfDeckEmpty" class="App\Tests\Card\Game21Test" classname="App.Tests.Card.Game21Test" file="/home/veddan/dbwebb-kurser/mvc/me/report/tests/Card/Game21Test.php" line="92" assertions="1" time="0.000710"/>
        <testcase name="testDrawForBank" class="App\Tests\Card\Game21Test" classname="App.Tests.Card.Game21Test" file="/home/veddan/dbwebb-kurser/mvc/me/report/tests/Card/Game21Test.php" line="115" assertions="1" time="0.001454"/>
        <testcase name="testCompareResults" class="App\Tests\Card\Game21Test" classname="App.Tests.Card.Game21Test" file="/home/veddan/dbwebb-kurser/mvc/me/report/tests/Card/Game21Test.php" line="134" assertions="4" time="0.001592"/>
      </testsuite>
      <testsuite name="App\Tests\Dice\DiceGraphicTest" file="/home/veddan/dbwebb-kurser/mvc/me/report/tests/Dice/DiceGraphicTest.php" tests="2" assertions="2" errors="0" warnings="0" failures="0" skipped="0" time="0.002844">
        <testcase name="testInheritanceFromDice" class="App\Tests\Dice\DiceGraphicTest" classname="App.Tests.Dice.DiceGraphicTest" file="/home/veddan/dbwebb-kurser/mvc/me/report/tests/Dice/DiceGraphicTest.php" line="16" assertions="1" time="0.001622"/>
        <testcase name="testGetAsString" class="App\Tests\Dice\DiceGraphicTest" classname="App.Tests.Dice.DiceGraphicTest" file="/home/veddan/dbwebb-kurser/mvc/me/report/tests/Dice/DiceGraphicTest.php" line="26" assertions="1" time="0.001222"/>
      </testsuite>
      <testsuite name="App\Tests\Dice\DiceHandTest" file="/home/veddan/dbwebb-kurser/mvc/me/report/tests/Dice/DiceHandTest.php" tests="3" assertions="13" errors="0" warnings="0" failures="0" skipped="0" time="0.005217">
        <testcase name="testAddAndGetNumberDices" class="App\Tests\Dice\DiceHandTest" classname="App.Tests.Dice.DiceHandTest" file="/home/veddan/dbwebb-kurser/mvc/me/report/tests/Dice/DiceHandTest.php" line="17" assertions="1" time="0.001253"/>
        <testcase name="testRollAndGetValues" class="App\Tests\Dice\DiceHandTest" classname="App.Tests.Dice.DiceHandTest" file="/home/veddan/dbwebb-kurser/mvc/me/report/tests/Dice/DiceHandTest.php" line="29" assertions="9" time="0.003519"/>
        <testcase name="testGetString" class="App\Tests\Dice\DiceHandTest" classname="App.Tests.Dice.DiceHandTest" file="/home/veddan/dbwebb-kurser/mvc/me/report/tests/Dice/DiceHandTest.php" line="51" assertions="3" time="0.000445"/>
      </testsuite>
      <testsuite name="App\Dice\DiceTest" file="/home/veddan/dbwebb-kurser/mvc/me/report/tests/Dice/DiceTest.php" tests="4" assertions="7" errors="0" warnings="0" failures="0" skipped="0" time="0.003536">
        <testcase name="testCreateDice" class="App\Dice\DiceTest" classname="App.Dice.DiceTest" file="/home/veddan/dbwebb-kurser/mvc/me/report/tests/Dice/DiceTest.php" line="16" assertions="2" time="0.000412"/>
        <testcase name="testRollDice" class="App\Dice\DiceTest" classname="App.Dice.DiceTest" file="/home/veddan/dbwebb-kurser/mvc/me/report/tests/Dice/DiceTest.php" line="28" assertions="2" time="0.000836"/>
        <testcase name="testGetValueAfterRoll" class="App\Dice\DiceTest" classname="App.Dice.DiceTest" file="/home/veddan/dbwebb-kurser/mvc/me/report/tests/Dice/DiceTest.php" line="41" assertions="1" time="0.000646"/>
        <testcase name="testGetValueThrowsException" class="App\Dice\DiceTest" classname="App.Dice.DiceTest" file="/home/veddan/dbwebb-kurser/mvc/me/report/tests/Dice/DiceTest.php" line="51" assertions="2" time="0.001643"/>
      </testsuite>
      <testsuite name="App\Tests\Entity\LibraryTest" file="/home/veddan/dbwebb-kurser/mvc/me/report/tests/Entity/LibraryTest.php" tests="1" assertions="5" errors="0" warnings="0" failures="0" skipped="0" time="0.001790">
        <testcase name="testLibraryEntity" class="App\Tests\Entity\LibraryTest" classname="App.Tests.Entity.LibraryTest" file="/home/veddan/dbwebb-kurser/mvc/me/report/tests/Entity/LibraryTest.php" line="16" assertions="5" time="0.001790"/>
      </testsuite>
      <testsuite name="App\Tests\Entity\ProductTest" file="/home/veddan/dbwebb-kurser/mvc/me/report/tests/Entity/ProductTest.php" tests="3" assertions="3" errors="0" warnings="0" failures="0" skipped="0" time="0.001734">
        <testcase name="testSetNameAndGetName" class="App\Tests\Entity\ProductTest" classname="App.Tests.Entity.ProductTest" file="/home/veddan/dbwebb-kurser/mvc/me/report/tests/Entity/ProductTest.php" line="16" assertions="1" time="0.000901"/>
        <testcase name="testSetValueAndGetValue" class="App\Tests\Entity\ProductTest" classname="App.Tests.Entity.ProductTest" file="/home/veddan/dbwebb-kurser/mvc/me/report/tests/Entity/ProductTest.php" line="27" assertions="1" time="0.000430"/>
        <testcase name="testInitialIdIsNull" class="App\Tests\Entity\ProductTest" classname="App.Tests.Entity.ProductTest" file="/home/veddan/dbwebb-kurser/mvc/me/report/tests/Entity/ProductTest.php" line="38" assertions="1" time="0.000402"/>
      </testsuite>
      <testsuite name="App\Tests\Repository\LibraryRepositoryTest" file="/home/veddan/dbwebb-kurser/mvc/me/report/tests/Repository/LibraryRepositoryTest.php" tests="1" assertions="1" errors="0" warnings="0" failures="0" skipped="0" time="0.006633">
        <testcase name="testConstructLibraryRepository" class="App\Tests\Repository\LibraryRepositoryTest" classname="App.Tests.Repository.LibraryRepositoryTest" file="/home/veddan/dbwebb-kurser/mvc/me/report/tests/Repository/LibraryRepositoryTest.php" line="17" assertions="1" time="0.006633"/>
      </testsuite>
      <testsuite name="App\Tests\Repository\ProductRepositoryTest" file="/home/veddan/dbwebb-kurser/mvc/me/report/tests/Repository/ProductRepositoryTest.php" tests="1" assertions="1" errors="0" warnings="0" failures="0" skipped="0" time="0.001820">
        <testcase name="testConstructProductRepository" class="App\Tests\Repository\ProductRepositoryTest" classname="App.Tests.Repository.ProductRepositoryTest" file="/home/veddan/dbwebb-kurser/mvc/me/report/tests/Repository/ProductRepositoryTest.php" line="17" assertions="1" time="0.001820"/>
      </testsuite>
    </testsuite>
  </testsuite>
</testsuites>
